Log file open, 01/11/26 19:13:32
LogICUInternationalization: OS requested locale 'fr_FR' is not supported. Using the OS requested language of 'fr-FR' as the locale.
LogICUInternationalization: ICU TimeZone Detection - Raw Offset: +1:00, Platform Override: ''
LogConfig: No local boot hotfix file found at: [/home/bastien/.config/Epic/CrashReportClient/Saved/PersistentDownloadDir/HotfixForNextBoot.txt]
LogInit: ExecutableName: CrashReportClientEditor
LogInit: Build: ++UE5+Release-5.6-CL-43139311
LogInit: Platform=Linux
LogInit: MachineId=cdef97dda4b74182a5fb46aa1cf1ed9a-000003e8
LogInit: DeviceId=
LogInit: Engine Version: 5.6.0-43139311+++UE5+Release-5.6
LogInit: Compatible Engine Version: 5.6.0-43139311+++UE5+Release-5.6
LogInit: Net CL: 43139311
LogInit: OS: Debian GNU/Linux 12 (bookworm) (6.1.0-40-amd64), CPU: 13th Gen Intel(R) Core(TM) i7-13700KF, GPU: NVIDIA GeForce RTX 4070 (NVIDIA UNIX x86_64 Kernel Module  580.95.05  Tue Sep 23 10:11:16 UTC 2025)
LogInit: Compiled (64-bit): May 31 2025 16:35:11
LogInit: Architecture: x64
LogInit: Compiled with Clang: 18.1.0rc (github.com/llvm/llvm-project 461274b81d8641eab64d494accddc81d7db8a09e)
LogInit: Build Configuration: Shipping
LogInit: Branch Name: ++UE5+Release-5.6
LogInit: Command Line:  -Abslog="/home/bastien/Unreal Projects/MyProject/Saved/Logs/MyProject-CRC.log" "/home/bastien/Unreal Projects/MyProject/Saved/Crashes/crashinfo-MyProject-pid-181256-D1AE5D709B7343DCA835495EF25F3F7C/"
LogInit: Base Directory: /home/bastien/bin/UnrealEngine/Engine/Binaries/Linux/
LogInit: Allocator: Mimalloc
LogInit: Installed Engine Build: 1
LogInit: This binary is optimized with LTO: no, PGO: no, instrumented for PGO data collection: no
LogInit: Presizing for max 2097152 objects, including 1 objects not considered by GC.
LogInit: Object subsystem initialized
LogConfig: Applying CVar settings from Section [ConsoleVariables] File [Engine]
[2026.01.11-18.13.32:870][  0]LogInit: Unix hardware info:
[2026.01.11-18.13.32:870][  0]LogInit:  - we are the first instance of this executable
[2026.01.11-18.13.32:870][  0]LogInit:  - this process' id (pid) is 215562, parent process' id (ppid) is 181256
[2026.01.11-18.13.32:870][  0]LogInit:  - we are not running under debugger
[2026.01.11-18.13.32:870][  0]LogInit:  - machine network name is 'BastienLNX'
[2026.01.11-18.13.32:870][  0]LogInit:  - user name is 'bastien' (bastien)
[2026.01.11-18.13.32:870][  0]LogInit:  - we're logged in locally
[2026.01.11-18.13.32:870][  0]LogInit:  - we're running with rendering
[2026.01.11-18.13.32:870][  0]LogInit:  - CPU: GenuineIntel '13th Gen Intel(R) Core(TM) i7-13700KF' (signature: 0xB0671)
[2026.01.11-18.13.32:870][  0]LogInit:  - Number of physical cores available for the process: 16
[2026.01.11-18.13.32:870][  0]LogInit:  - Number of logical cores available for the process: 24
[2026.01.11-18.13.32:870][  0]LogInit:  - GPU Brand Info: NVIDIA GeForce RTX 4070 (NVIDIA UNIX x86_64 Kernel Module  580.95.05  Tue Sep 23 10:11:16 UTC 2025)
[2026.01.11-18.13.32:870][  0]LogInit:  - Memory allocator used: Mimalloc
[2026.01.11-18.13.32:870][  0]LogInit:  - This is an internal build.
[2026.01.11-18.13.32:870][  0]LogCore: Skipped benchmarking clocks because the engine is running in a standalone program mode - CLOCK_MONOTONIC will be used.
[2026.01.11-18.13.32:870][  0]LogInit: Unix-specific commandline switches:
[2026.01.11-18.13.32:870][  0]LogInit:  -ansimalloc - use malloc()/free() from libc (useful for tools like valgrind and electric fence)
[2026.01.11-18.13.32:870][  0]LogInit:  -jemalloc - use jemalloc for all memory allocation
[2026.01.11-18.13.32:870][  0]LogInit:  -binnedmalloc - use binned malloc  for all memory allocation
[2026.01.11-18.13.32:870][  0]LogInit:  -filemapcachesize=NUMBER - set the size for case-sensitive file mapping cache
[2026.01.11-18.13.32:870][  0]LogInit:  -useksm - uses kernel same-page mapping (KSM) for mapped memory (OFF)
[2026.01.11-18.13.32:870][  0]LogInit:  -ksmmergeall - marks all mmap'd memory pages suitable for KSM (OFF)
[2026.01.11-18.13.32:870][  0]LogInit:  -preloadmodulesymbols - Loads the main module symbols file into memory (OFF)
[2026.01.11-18.13.32:870][  0]LogInit:  -sigdfl=SIGNAL - Allows a specific signal to be set to its default handler rather then ignoring the signal
[2026.01.11-18.13.32:870][  0]LogInit:  -crashhandlerstacksize - Allows setting crash handler stack sizes (204800)
[2026.01.11-18.13.32:870][  0]LogInit:  -noexclusivelockonwrite - disables marking files created by the engine as exclusive locked while the engine has them opened
[2026.01.11-18.13.32:870][  0]LogInit:  -httpproxy=ADDRESS:PORT - redirects HTTP requests to a proxy (only supported if compiled with libcurl)
[2026.01.11-18.13.32:870][  0]LogInit:  -reuseconn - allow libcurl to reuse HTTP connections (only matters if compiled with libcurl)
[2026.01.11-18.13.32:870][  0]LogInit:  -virtmemkb=NUMBER - sets process virtual memory (address space) limit (overrides VirtualMemoryLimitInKB value from .ini)
[2026.01.11-18.13.32:870][  0]LogInit:  -allowsyscallfilterfile=PATH_TO_FILE - sets up a system call filter allow list. any invalid syscall in this list *will* cause a crash
[2026.01.11-18.13.32:870][  0]LogInit:  - Physical RAM available (not considering process quota): 32 GB (31904 MB, 32670236 KB, 33454321664 bytes)
[2026.01.11-18.13.32:870][  0]LogInit:  - VirtualMemoryAllocator pools will grow at scale 1
[2026.01.11-18.13.32:870][  0]LogInit:  - MemoryRangeDecommit() will be a no-op (re-run with -vmapoolevict to change)
[2026.01.11-18.13.32:870][  0]LogInit:  - PageSize 4096
[2026.01.11-18.13.32:870][  0]LogInit:  - BinnedPageSize 65536
[2026.01.11-18.13.32:871][  0]LogUObjectArray: 552 objects as part of root set at end of initial load.
[2026.01.11-18.13.32:871][  0]LogUObjectArray: 0 objects are not in the root set, but can never be destroyed because they are in the DisregardForGC set.
[2026.01.11-18.13.32:871][  0]LogUObjectArray: CloseDisregardForGC: 552/552 objects in disregard for GC pool
[2026.01.11-18.13.32:872][  0]LogInit: Using OS detected language (fr-FR).
[2026.01.11-18.13.32:872][  0]LogInit: Using OS detected locale (fr-FR).
[2026.01.11-18.13.32:872][  0]LogTextLocalizationManager: No specific localization for 'fr-FR' exists, so 'fr' will be used for the language.
[2026.01.11-18.13.32:894][  0]LogInit: Using OS detected language (fr-FR).
[2026.01.11-18.13.32:894][  0]LogInit: Using OS detected locale (fr-FR).
[2026.01.11-18.13.32:894][  0]LogTextLocalizationManager: No localization for 'fr-FR' exists, so 'en' will be used for the language.
[2026.01.11-18.13.32:894][  0]LogTextLocalizationManager: No localization for 'fr-FR' exists, so 'en' will be used for the locale.
[2026.01.11-18.13.32:911][  0]LogPackageLocalizationCache: Processed 2 localized package path(s) for 1 prioritized culture(s) in 0.000017 seconds
[2026.01.11-18.13.32:917][  0]LogInit: Using libcurl 8.12.1
[2026.01.11-18.13.32:917][  0]LogInit:  - built for x86_64-unknown-linux-gnu
[2026.01.11-18.13.32:917][  0]LogInit:  - supports SSL with OpenSSL/1.1.1t
[2026.01.11-18.13.32:917][  0]LogInit:  - supports HTTP deflate (compression) using libz 1.3
[2026.01.11-18.13.32:917][  0]LogInit:  - other features:
[2026.01.11-18.13.32:917][  0]LogInit:      CURL_VERSION_SSL
[2026.01.11-18.13.32:917][  0]LogInit:      CURL_VERSION_LIBZ
[2026.01.11-18.13.32:917][  0]LogInit:      CURL_VERSION_IPV6
[2026.01.11-18.13.32:917][  0]LogInit:      CURL_VERSION_ASYNCHDNS
[2026.01.11-18.13.32:917][  0]LogInit:      CURL_VERSION_LARGEFILE
[2026.01.11-18.13.32:917][  0]LogInit:      CURL_VERSION_TLSAUTH_SRP
[2026.01.11-18.13.32:917][  0]LogInit:      CURL_VERSION_HTTP2
[2026.01.11-18.13.32:917][  0]LogInit:  CurlRequestOptions (configurable via config and command line):
[2026.01.11-18.13.32:917][  0]LogInit:  - bVerifyPeer = false  - Libcurl will NOT verify peer certificate
[2026.01.11-18.13.32:917][  0]LogInit:  - bUseHttpProxy = false  - Libcurl will NOT use HTTP proxy
[2026.01.11-18.13.32:917][  0]LogInit:  - bDontReuseConnections = false  - Libcurl will reuse connections
[2026.01.11-18.13.32:917][  0]LogInit:  - MaxHostConnections = 16  - Libcurl will limit the number of connections to a host
[2026.01.11-18.13.32:917][  0]LogInit:  - LocalHostAddr = Default
[2026.01.11-18.13.32:917][  0]LogInit:  - BufferSize = 65536
[2026.01.11-18.13.32:917][  0]LogInit: CreateHttpThread using FCurlMultiPollEventLoopHttpThread
[2026.01.11-18.13.32:917][  0]LogInit: Creating http thread with maximum 256 concurrent requests
[2026.01.11-18.13.32:917][  0]LogAnalytics: Display: [CrashReporter.Release] AnalyticsET::StartSession ( APIServer = https://datarouter.ol.epicgames.com/datarouter/api/v1/public/data. AppVersion = ++UE5+Release-5.6-CL-43139311 )
[2026.01.11-18.13.32:918][  0]CrashReportCoreLog: Display: Applying project settings from '/home/bastien/Unreal Projects/MyProject/Saved/Crashes/crashinfo-MyProject-pid-181256-D1AE5D709B7343DCA835495EF25F3F7C/CrashReportClient.ini'.
[2026.01.11-18.13.32:918][  0]CrashReportCoreLog: CrashReportClientVersion=1.0
[2026.01.11-18.13.32:918][  0]CrashReportCoreLog: CrashReportReceiver disabled
[2026.01.11-18.13.32:918][  0]CrashReportCoreLog: DataRouterUrl: https://datarouter.ol.epicgames.com/datarouter/api/v1/public/data
[2026.01.11-18.13.32:918][  0]LogInit: Initializing SDL.
[2026.01.11-18.13.32:969][  0]LogInit: Initialized SDL 2.30.6 revision: SDL-2.30.6-no-vcs (compiled against 2.30.6)
[2026.01.11-18.13.32:969][  0]LogInit: Using SDL video driver 'x11'
[2026.01.11-18.13.32:974][  0]LogSlate: New Slate User Created. Platform User Id 0, User Index 0, Is Virtual User: 0
[2026.01.11-18.13.32:974][  0]LogSlate: Slate User Registered.  User Index 0, Is Virtual User: 0
[2026.01.11-18.13.32:975][  0]LogSlate: Using FreeType 2.10.0
[2026.01.11-18.13.32:977][  0]LogSlate: SlateFontServices - WITH_FREETYPE: 1, WITH_HARFBUZZ: 1
[2026.01.11-18.13.32:977][  0]LogInit: Using SDL_WINDOW_OPENGL
[2026.01.11-18.13.33:024][  0]LogInit: FSlateOpenGLContext::Initialize - creating OpenGL 2.1 context
[2026.01.11-18.13.33:031][  0]LogStreaming: Warning: Failed to read file '../../../Engine/Platforms/VisionOS/Content/Editor/Slate/Launcher/Platform_VisionOS_24x.png' error.
[2026.01.11-18.13.33:031][  0]LogSlateOpenGL: Could not find file for Slate texture: [../../../Engine/Platforms/VisionOS/Content/Editor/Slate/Launcher/Platform_VisionOS_24x.png] '../../../Engine/Platforms/VisionOS/Content/Editor/Slate/Launcher/Platform_VisionOS_24x.png'
[2026.01.11-18.13.33:032][  0]LogStreaming: Warning: Failed to read file '../../../Engine/Platforms/VisionOS/Content/Editor/Slate/Launcher/Platform_VisionOS_128x.png' error.
[2026.01.11-18.13.33:032][  0]LogSlateOpenGL: Could not find file for Slate texture: [../../../Engine/Platforms/VisionOS/Content/Editor/Slate/Launcher/Platform_VisionOS_128x.png] '../../../Engine/Platforms/VisionOS/Content/Editor/Slate/Launcher/Platform_VisionOS_128x.png'
[2026.01.11-18.13.33:032][  0]LogStreaming: Warning: Failed to read file '../../../Engine/Platforms/VisionOS/Content/Editor/Slate/Launcher/Platform_VisionOS_128x.png' error.
[2026.01.11-18.13.33:032][  0]LogSlateOpenGL: Could not find file for Slate texture: [../../../Engine/Platforms/VisionOS/Content/Editor/Slate/Launcher/Platform_VisionOS_128x.png] '../../../Engine/Platforms/VisionOS/Content/Editor/Slate/Launcher/Platform_VisionOS_128x.png'
[2026.01.11-18.13.33:041][  0]CrashReportCoreLog: Initial state = Unknown UploadState value
[2026.01.11-18.13.33:041][  0]CrashReportCoreLog: Initial state = Unknown UploadState value
[2026.01.11-18.13.33:248][  0]LogInit: FSlateOpenGLContext::Initialize - creating OpenGL 2.1 context
[2026.01.11-18.13.33:257][  0]LogSlate: Took 0.000093 seconds to synchronously load lazily loaded font '../../../Engine/Content/Slate/Fonts/Roboto-Regular.ttf' (155K)
[2026.01.11-18.13.33:258][  0]LogSlate: Took 0.000083 seconds to synchronously load lazily loaded font '../../../Engine/Content/Slate/Fonts/Roboto-Bold.ttf' (160K)
[2026.01.11-18.13.33:261][  0]LogSlate: Took 0.000095 seconds to synchronously load lazily loaded font '../../../Engine/Content/Slate/Fonts/Roboto-Italic.ttf' (157K)
[2026.01.11-18.13.38:037][  0]LogInit: FSlateOpenGLContext::Initialize - creating OpenGL 2.1 context
[2026.01.11-18.13.41:772][  0]LogSlate: Request Window '' being destroyed
[2026.01.11-18.13.41:775][  0]LogSlate: Request Window 'MyProject Crash Reporter' being destroyed
[2026.01.11-18.13.41:775][  0]LogSlate: Window 'MyProject Crash Reporter' being destroyed
[2026.01.11-18.13.41:778][  0]LogCore: Engine exit requested (reason: OnRequestExit)
[2026.01.11-18.13.41:779][  0]CrashReportCoreLog: Final state (Receiver) = Ready
[2026.01.11-18.13.41:779][  0]CrashReportCoreLog: Final state (Receiver) = Unknown UploadState value
[2026.01.11-18.13.41:784][  0]LogSlate: Slate User Destroyed.  User Index 0, Is Virtual User: 0
[2026.01.11-18.13.41:784][  0]LogAnalytics: Display: [CrashReporter.Release] AnalyticsET::EndSession
[2026.01.11-18.13.41:784][  0]LogCore: Engine exit requested (reason: CrashReportClientApp RequestExit; note: exit was already requested)
[2026.01.11-18.13.41:784][  0]LogExit: Preparing to exit.
[2026.01.11-18.13.41:786][  0]LogExit: Object subsystem successfully closed.
[2026.01.11-18.13.41:786][  0]LogHttp: Warning: [FHttpManager::Shutdown] Unbinding delegates for 1 outstanding Http Requests:
[2026.01.11-18.13.41:786][  0]LogHttp: Warning: 	verb=[POST] url=[https://datarouter.ol.epicgames.com/datarouter/api/v1/public/data?SessionID=%7BEBCCE289-BC16-49E6-8471-A225617B921B%7D&AppID=CrashReporter.Release&AppVersion=%2B%2BUE5%2BRelease-5.6-CL-43139311&UserID=cdef97dda4b74182a5fb46aa1cf1ed9a-000003e8%7C%7Ccdef97dda4b74182a5fb46aa1cf1ed9a&AppEnvironment=datacollector-binary&UploadType=eteventstream] refs=[2] status=Processing
[2026.01.11-18.13.41:786][  0]LogHttp: Warning: 	Sleeping 0.500s to wait for 1 outstanding Http Requests.
[2026.01.11-18.13.42:286][  0]LogHttp: Warning: 	Sleeping 0.500s to wait for 1 outstanding Http Requests.
[2026.01.11-18.13.42:787][  0]LogHttp: Warning: 	Sleeping 0.500s to wait for 1 outstanding Http Requests.
[2026.01.11-18.13.43:287][  0]LogHttp: Warning: 	Sleeping 0.500s to wait for 1 outstanding Http Requests.
[2026.01.11-18.13.43:788][  0]LogHttp: Warning: [FHttpManager::Flush] FlushTimeSoftLimitSeconds [2.000s] exceeded. Cancelling 1 outstanding HTTP requests:
[2026.01.11-18.13.43:788][  0]LogHttp: Warning: 	verb=[POST] url=[https://datarouter.ol.epicgames.com/datarouter/api/v1/public/data?SessionID=%7BEBCCE289-BC16-49E6-8471-A225617B921B%7D&AppID=CrashReporter.Release&AppVersion=%2B%2BUE5%2BRelease-5.6-CL-43139311&UserID=cdef97dda4b74182a5fb46aa1cf1ed9a-000003e8%7C%7Ccdef97dda4b74182a5fb46aa1cf1ed9a&AppEnvironment=datacollector-binary&UploadType=eteventstream] refs=[2] status=Processing
[2026.01.11-18.13.43:790][  0]LogPakFile: Destroying PakPlatformFile
[2026.01.11-18.13.43:790][  0]LogExit: Exiting.
[2026.01.11-18.13.43:790][  0]LogInit: Tearing down SDL.
[2026.01.11-18.13.43:806][  0]Log file closed, 01/11/26 19:13:43
