Log file open, 01/10/26 15:53:24
LogICUInternationalization: OS requested locale 'fr_FR' is not supported. Using the OS requested language of 'fr-FR' as the locale.
LogICUInternationalization: ICU TimeZone Detection - Raw Offset: +1:00, Platform Override: ''
LogConfig: No local boot hotfix file found at: [/home/bastien/.config/Epic/CrashReportClient/Saved/PersistentDownloadDir/HotfixForNextBoot.txt]
LogInit: ExecutableName: CrashReportClientEditor
LogInit: Build: ++UE5+Release-5.6-CL-43139311
LogInit: Platform=Linux
LogInit: MachineId=cdef97dda4b74182a5fb46aa1cf1ed9a-000003e8
LogInit: DeviceId=
LogInit: Engine Version: 5.6.0-43139311+++UE5+Release-5.6
LogInit: Compatible Engine Version: 5.6.0-43139311+++UE5+Release-5.6
LogInit: Net CL: 43139311
LogInit: OS: Debian GNU/Linux 12 (bookworm) (6.1.0-40-amd64), CPU: 13th Gen Intel(R) Core(TM) i7-13700KF, GPU: NVIDIA GeForce RTX 4070 (NVIDIA UNIX x86_64 Kernel Module  580.95.05  Tue Sep 23 10:11:16 UTC 2025)
LogInit: Compiled (64-bit): May 31 2025 16:35:11
LogInit: Architecture: x64
LogInit: Compiled with Clang: 18.1.0rc (github.com/llvm/llvm-project 461274b81d8641eab64d494accddc81d7db8a09e)
LogInit: Build Configuration: Shipping
LogInit: Branch Name: ++UE5+Release-5.6
LogInit: Command Line:  -Abslog="/home/bastien/Unreal Projects/MyProject/Saved/Logs/MyProject-CRC.log" "/home/bastien/Unreal Projects/MyProject/Saved/Crashes/crashinfo-MyProject-pid-204206-0A8D680BFF7C4EAFA9A151E8CB49C67C/"
LogInit: Base Directory: /home/bastien/bin/UnrealEngine/Engine/Binaries/Linux/
LogInit: Allocator: Mimalloc
LogInit: Installed Engine Build: 1
LogInit: This binary is optimized with LTO: no, PGO: no, instrumented for PGO data collection: no
LogInit: Presizing for max 2097152 objects, including 1 objects not considered by GC.
LogInit: Object subsystem initialized
LogConfig: Applying CVar settings from Section [ConsoleVariables] File [Engine]
[2026.01.10-14.53.24:154][  0]LogInit: Unix hardware info:
[2026.01.10-14.53.24:154][  0]LogInit:  - we are the first instance of this executable
[2026.01.10-14.53.24:154][  0]LogInit:  - this process' id (pid) is 209341, parent process' id (ppid) is 204206
[2026.01.10-14.53.24:154][  0]LogInit:  - we are not running under debugger
[2026.01.10-14.53.24:154][  0]LogInit:  - machine network name is 'BastienLNX'
[2026.01.10-14.53.24:154][  0]LogInit:  - user name is 'bastien' (bastien)
[2026.01.10-14.53.24:154][  0]LogInit:  - we're logged in locally
[2026.01.10-14.53.24:154][  0]LogInit:  - we're running with rendering
[2026.01.10-14.53.24:154][  0]LogInit:  - CPU: GenuineIntel '13th Gen Intel(R) Core(TM) i7-13700KF' (signature: 0xB0671)
[2026.01.10-14.53.24:154][  0]LogInit:  - Number of physical cores available for the process: 16
[2026.01.10-14.53.24:154][  0]LogInit:  - Number of logical cores available for the process: 24
[2026.01.10-14.53.24:154][  0]LogInit:  - GPU Brand Info: NVIDIA GeForce RTX 4070 (NVIDIA UNIX x86_64 Kernel Module  580.95.05  Tue Sep 23 10:11:16 UTC 2025)
[2026.01.10-14.53.24:154][  0]LogInit:  - Memory allocator used: Mimalloc
[2026.01.10-14.53.24:154][  0]LogInit:  - This is an internal build.
[2026.01.10-14.53.24:154][  0]LogCore: Skipped benchmarking clocks because the engine is running in a standalone program mode - CLOCK_MONOTONIC will be used.
[2026.01.10-14.53.24:154][  0]LogInit: Unix-specific commandline switches:
[2026.01.10-14.53.24:154][  0]LogInit:  -ansimalloc - use malloc()/free() from libc (useful for tools like valgrind and electric fence)
[2026.01.10-14.53.24:154][  0]LogInit:  -jemalloc - use jemalloc for all memory allocation
[2026.01.10-14.53.24:154][  0]LogInit:  -binnedmalloc - use binned malloc  for all memory allocation
[2026.01.10-14.53.24:154][  0]LogInit:  -filemapcachesize=NUMBER - set the size for case-sensitive file mapping cache
[2026.01.10-14.53.24:154][  0]LogInit:  -useksm - uses kernel same-page mapping (KSM) for mapped memory (OFF)
[2026.01.10-14.53.24:154][  0]LogInit:  -ksmmergeall - marks all mmap'd memory pages suitable for KSM (OFF)
[2026.01.10-14.53.24:154][  0]LogInit:  -preloadmodulesymbols - Loads the main module symbols file into memory (OFF)
[2026.01.10-14.53.24:154][  0]LogInit:  -sigdfl=SIGNAL - Allows a specific signal to be set to its default handler rather then ignoring the signal
[2026.01.10-14.53.24:154][  0]LogInit:  -crashhandlerstacksize - Allows setting crash handler stack sizes (204800)
[2026.01.10-14.53.24:154][  0]LogInit:  -noexclusivelockonwrite - disables marking files created by the engine as exclusive locked while the engine has them opened
[2026.01.10-14.53.24:154][  0]LogInit:  -httpproxy=ADDRESS:PORT - redirects HTTP requests to a proxy (only supported if compiled with libcurl)
[2026.01.10-14.53.24:154][  0]LogInit:  -reuseconn - allow libcurl to reuse HTTP connections (only matters if compiled with libcurl)
[2026.01.10-14.53.24:154][  0]LogInit:  -virtmemkb=NUMBER - sets process virtual memory (address space) limit (overrides VirtualMemoryLimitInKB value from .ini)
[2026.01.10-14.53.24:154][  0]LogInit:  -allowsyscallfilterfile=PATH_TO_FILE - sets up a system call filter allow list. any invalid syscall in this list *will* cause a crash
[2026.01.10-14.53.24:154][  0]LogInit:  - Physical RAM available (not considering process quota): 32 GB (31903 MB, 32669260 KB, 33453322240 bytes)
[2026.01.10-14.53.24:154][  0]LogInit:  - VirtualMemoryAllocator pools will grow at scale 1
[2026.01.10-14.53.24:154][  0]LogInit:  - MemoryRangeDecommit() will be a no-op (re-run with -vmapoolevict to change)
[2026.01.10-14.53.24:154][  0]LogInit:  - PageSize 4096
[2026.01.10-14.53.24:154][  0]LogInit:  - BinnedPageSize 65536
[2026.01.10-14.53.24:156][  0]LogUObjectArray: 552 objects as part of root set at end of initial load.
[2026.01.10-14.53.24:156][  0]LogUObjectArray: 0 objects are not in the root set, but can never be destroyed because they are in the DisregardForGC set.
[2026.01.10-14.53.24:156][  0]LogUObjectArray: CloseDisregardForGC: 552/552 objects in disregard for GC pool
[2026.01.10-14.53.24:156][  0]LogInit: Using OS detected language (fr-FR).
[2026.01.10-14.53.24:156][  0]LogInit: Using OS detected locale (fr-FR).
[2026.01.10-14.53.24:156][  0]LogTextLocalizationManager: No specific localization for 'fr-FR' exists, so 'fr' will be used for the language.
[2026.01.10-14.53.24:179][  0]LogInit: Using OS detected language (fr-FR).
[2026.01.10-14.53.24:179][  0]LogInit: Using OS detected locale (fr-FR).
[2026.01.10-14.53.24:179][  0]LogTextLocalizationManager: No localization for 'fr-FR' exists, so 'en' will be used for the language.
[2026.01.10-14.53.24:179][  0]LogTextLocalizationManager: No localization for 'fr-FR' exists, so 'en' will be used for the locale.
[2026.01.10-14.53.24:196][  0]LogPackageLocalizationCache: Processed 2 localized package path(s) for 1 prioritized culture(s) in 0.000020 seconds
[2026.01.10-14.53.24:203][  0]LogInit: Using libcurl 8.12.1
[2026.01.10-14.53.24:203][  0]LogInit:  - built for x86_64-unknown-linux-gnu
[2026.01.10-14.53.24:203][  0]LogInit:  - supports SSL with OpenSSL/1.1.1t
[2026.01.10-14.53.24:203][  0]LogInit:  - supports HTTP deflate (compression) using libz 1.3
[2026.01.10-14.53.24:203][  0]LogInit:  - other features:
[2026.01.10-14.53.24:203][  0]LogInit:      CURL_VERSION_SSL
[2026.01.10-14.53.24:203][  0]LogInit:      CURL_VERSION_LIBZ
[2026.01.10-14.53.24:203][  0]LogInit:      CURL_VERSION_IPV6
[2026.01.10-14.53.24:203][  0]LogInit:      CURL_VERSION_ASYNCHDNS
[2026.01.10-14.53.24:203][  0]LogInit:      CURL_VERSION_LARGEFILE
[2026.01.10-14.53.24:203][  0]LogInit:      CURL_VERSION_TLSAUTH_SRP
[2026.01.10-14.53.24:203][  0]LogInit:      CURL_VERSION_HTTP2
[2026.01.10-14.53.24:203][  0]LogInit:  CurlRequestOptions (configurable via config and command line):
[2026.01.10-14.53.24:203][  0]LogInit:  - bVerifyPeer = false  - Libcurl will NOT verify peer certificate
[2026.01.10-14.53.24:203][  0]LogInit:  - bUseHttpProxy = false  - Libcurl will NOT use HTTP proxy
[2026.01.10-14.53.24:203][  0]LogInit:  - bDontReuseConnections = false  - Libcurl will reuse connections
[2026.01.10-14.53.24:203][  0]LogInit:  - MaxHostConnections = 16  - Libcurl will limit the number of connections to a host
[2026.01.10-14.53.24:203][  0]LogInit:  - LocalHostAddr = Default
[2026.01.10-14.53.24:203][  0]LogInit:  - BufferSize = 65536
[2026.01.10-14.53.24:203][  0]LogInit: CreateHttpThread using FCurlMultiPollEventLoopHttpThread
[2026.01.10-14.53.24:203][  0]LogInit: Creating http thread with maximum 256 concurrent requests
[2026.01.10-14.53.24:203][  0]LogAnalytics: Display: [CrashReporter.Release] AnalyticsET::StartSession ( APIServer = https://datarouter.ol.epicgames.com/datarouter/api/v1/public/data. AppVersion = ++UE5+Release-5.6-CL-43139311 )
[2026.01.10-14.53.24:203][  0]CrashReportCoreLog: Display: Applying project settings from '/home/bastien/Unreal Projects/MyProject/Saved/Crashes/crashinfo-MyProject-pid-204206-0A8D680BFF7C4EAFA9A151E8CB49C67C/CrashReportClient.ini'.
[2026.01.10-14.53.24:203][  0]CrashReportCoreLog: CrashReportClientVersion=1.0
[2026.01.10-14.53.24:203][  0]CrashReportCoreLog: CrashReportReceiver disabled
[2026.01.10-14.53.24:203][  0]CrashReportCoreLog: DataRouterUrl: https://datarouter.ol.epicgames.com/datarouter/api/v1/public/data
[2026.01.10-14.53.24:204][  0]LogInit: Initializing SDL.
[2026.01.10-14.53.24:265][  0]LogInit: Initialized SDL 2.30.6 revision: SDL-2.30.6-no-vcs (compiled against 2.30.6)
[2026.01.10-14.53.24:265][  0]LogInit: Using SDL video driver 'x11'
[2026.01.10-14.53.24:268][  0]LogSlate: New Slate User Created. Platform User Id 0, User Index 0, Is Virtual User: 0
[2026.01.10-14.53.24:268][  0]LogSlate: Slate User Registered.  User Index 0, Is Virtual User: 0
[2026.01.10-14.53.24:268][  0]LogSlate: Using FreeType 2.10.0
[2026.01.10-14.53.24:269][  0]LogSlate: SlateFontServices - WITH_FREETYPE: 1, WITH_HARFBUZZ: 1
[2026.01.10-14.53.24:269][  0]LogInit: Using SDL_WINDOW_OPENGL
[2026.01.10-14.53.24:327][  0]LogInit: FSlateOpenGLContext::Initialize - creating OpenGL 2.1 context
[2026.01.10-14.53.24:335][  0]LogStreaming: Warning: Failed to read file '../../../Engine/Platforms/VisionOS/Content/Editor/Slate/Launcher/Platform_VisionOS_24x.png' error.
[2026.01.10-14.53.24:335][  0]LogSlateOpenGL: Could not find file for Slate texture: [../../../Engine/Platforms/VisionOS/Content/Editor/Slate/Launcher/Platform_VisionOS_24x.png] '../../../Engine/Platforms/VisionOS/Content/Editor/Slate/Launcher/Platform_VisionOS_24x.png'
[2026.01.10-14.53.24:335][  0]LogStreaming: Warning: Failed to read file '../../../Engine/Platforms/VisionOS/Content/Editor/Slate/Launcher/Platform_VisionOS_128x.png' error.
[2026.01.10-14.53.24:335][  0]LogSlateOpenGL: Could not find file for Slate texture: [../../../Engine/Platforms/VisionOS/Content/Editor/Slate/Launcher/Platform_VisionOS_128x.png] '../../../Engine/Platforms/VisionOS/Content/Editor/Slate/Launcher/Platform_VisionOS_128x.png'
[2026.01.10-14.53.24:335][  0]LogStreaming: Warning: Failed to read file '../../../Engine/Platforms/VisionOS/Content/Editor/Slate/Launcher/Platform_VisionOS_128x.png' error.
[2026.01.10-14.53.24:335][  0]LogSlateOpenGL: Could not find file for Slate texture: [../../../Engine/Platforms/VisionOS/Content/Editor/Slate/Launcher/Platform_VisionOS_128x.png] '../../../Engine/Platforms/VisionOS/Content/Editor/Slate/Launcher/Platform_VisionOS_128x.png'
[2026.01.10-14.53.24:344][  0]CrashReportCoreLog: Initial state = Unknown UploadState value
[2026.01.10-14.53.24:344][  0]CrashReportCoreLog: Initial state = Unknown UploadState value
[2026.01.10-14.53.24:563][  0]LogInit: FSlateOpenGLContext::Initialize - creating OpenGL 2.1 context
[2026.01.10-14.53.24:566][  0]LogSlate: Took 0.000030 seconds to synchronously load lazily loaded font '../../../Engine/Content/Slate/Fonts/Roboto-Regular.ttf' (155K)
[2026.01.10-14.53.24:566][  0]LogSlate: Took 0.000021 seconds to synchronously load lazily loaded font '../../../Engine/Content/Slate/Fonts/Roboto-Bold.ttf' (160K)
[2026.01.10-14.53.24:567][  0]LogSlate: Took 0.000020 seconds to synchronously load lazily loaded font '../../../Engine/Content/Slate/Fonts/Roboto-Italic.ttf' (157K)
[2026.01.10-14.54.01:976][  0]LogInit: FSlateOpenGLContext::Initialize - creating OpenGL 2.1 context
[2026.01.10-14.54.03:279][  0]CrashReportCoreLog: Got 4 pending files to upload from 'crashinfo-MyProject-pid-204206-0A8D680BFF7C4EAFA9A151E8CB49C67C'
[2026.01.10-14.54.03:279][  0]CrashReportCoreLog: State change from Ready to SendingFiles
[2026.01.10-14.54.03:279][  0]CrashReportCoreLog: CompressAndSendData have 4 pending files
[2026.01.10-14.54.03:279][  0]CrashReportCoreLog: CompressAndSendData compressing 1818 bytes ('/home/bastien/Unreal Projects/MyProject/Saved/Crashes/crashinfo-MyProject-pid-204206-0A8D680BFF7C4EAFA9A151E8CB49C67C/Diagnostics.txt')
[2026.01.10-14.54.03:279][  0]CrashReportCoreLog: CompressAndSendData compressing 257935 bytes ('/home/bastien/Unreal Projects/MyProject/Saved/Crashes/crashinfo-MyProject-pid-204206-0A8D680BFF7C4EAFA9A151E8CB49C67C/MyProject.log')
[2026.01.10-14.54.03:279][  0]CrashReportCoreLog: CompressAndSendData compressing 39244 bytes ('/home/bastien/Unreal Projects/MyProject/Saved/Crashes/crashinfo-MyProject-pid-204206-0A8D680BFF7C4EAFA9A151E8CB49C67C/CrashContext.runtime-xml')
[2026.01.10-14.54.03:279][  0]CrashReportCoreLog: CompressAndSendData compressing 256 bytes ('/home/bastien/Unreal Projects/MyProject/Saved/Crashes/crashinfo-MyProject-pid-204206-0A8D680BFF7C4EAFA9A151E8CB49C67C/CrashReportClient.ini')
[2026.01.10-14.54.03:283][  0]CrashReportCoreLog: Sending HTTP request: https://datarouter.ol.epicgames.com/datarouter/api/v1/public/data?AppID=CrashReporter&AppVersion=5.6.0-43139311%2B%2B%2BUE5%2BRelease-5.6&AppEnvironment=Release&UploadType=crashreports&UserID=cdef97dda4b74182a5fb46aa1cf1ed9a-000003e8%7C%7Ccdef97dda4b74182a5fb46aa1cf1ed9a, Payload size: 41297
[2026.01.10-14.54.03:913][  0]CrashReportCoreLog: OnProcessRequestComplete(), State=SendingFiles Response=204 ConnectedSuccesfully=1
[2026.01.10-14.54.03:913][  0]CrashReportCoreLog: All uploads done
[2026.01.10-14.54.03:913][  0]CrashReportCoreLog: State change from SendingFiles to Finished
[2026.01.10-14.54.04:314][  0]LogSlate: Request Window '' being destroyed
[2026.01.10-14.54.04:328][  0]LogSlate: Request Window 'MyProject Crash Reporter' being destroyed
[2026.01.10-14.54.04:328][  0]LogSlate: Window 'MyProject Crash Reporter' being destroyed
[2026.01.10-14.54.04:330][  0]LogCore: Engine exit requested (reason: OnRequestExit)
[2026.01.10-14.54.04:331][  0]CrashReportCoreLog: Final state (Receiver) = Finished
[2026.01.10-14.54.04:331][  0]CrashReportCoreLog: Final state (Receiver) = Unknown UploadState value
[2026.01.10-14.54.04:333][  0]LogSlate: Slate User Destroyed.  User Index 0, Is Virtual User: 0
[2026.01.10-14.54.04:333][  0]LogAnalytics: Display: [CrashReporter.Release] AnalyticsET::EndSession
[2026.01.10-14.54.04:333][  0]LogCore: Engine exit requested (reason: CrashReportClientApp RequestExit; note: exit was already requested)
[2026.01.10-14.54.04:333][  0]LogExit: Preparing to exit.
[2026.01.10-14.54.04:333][  0]LogExit: Object subsystem successfully closed.
[2026.01.10-14.54.04:333][  0]LogHttp: Warning: [FHttpManager::Shutdown] Unbinding delegates for 1 outstanding Http Requests:
[2026.01.10-14.54.04:333][  0]LogHttp: Warning: 	verb=[POST] url=[https://datarouter.ol.epicgames.com/datarouter/api/v1/public/data?SessionID=%7BACF3039F-F104-4743-B425-1BCB24D49B62%7D&AppID=CrashReporter.Release&AppVersion=%2B%2BUE5%2BRelease-5.6-CL-43139311&UserID=cdef97dda4b74182a5fb46aa1cf1ed9a-000003e8%7C%7Ccdef97dda4b74182a5fb46aa1cf1ed9a&AppEnvironment=datacollector-binary&UploadType=eteventstream] refs=[2] status=Processing
[2026.01.10-14.54.04:333][  0]LogHttp: Warning: 	Sleeping 0.500s to wait for 1 outstanding Http Requests.
[2026.01.10-14.54.04:834][  0]LogPakFile: Destroying PakPlatformFile
[2026.01.10-14.54.04:834][  0]LogExit: Exiting.
[2026.01.10-14.54.04:834][  0]LogInit: Tearing down SDL.
[2026.01.10-14.54.04:842][  0]Log file closed, 01/10/26 15:54:04
